2024-10-31 11:57:31,535 - app.logger - INFO - *Development* environment detected, enabling CORS for specific domains.
2024-10-31 11:57:31,535 - app.logger - WARNING - Allowed origins: ['http://localhost(:\\d+)?', 'http://192\\.168\\.0\\.105(:\\d+)?', 'https://dingdoorapp\\.com', 'https://knock24-inc\\.web\\.app', 'https://knock24-inc\\.firebaseapp\\.com', '']
2024-10-31 11:57:31,535 - app.logger - INFO - development environment initialized
2024-10-31 11:57:36,103 - app.logger - INFO - *Development* environment detected, enabling CORS for specific domains.
2024-10-31 11:57:36,103 - app.logger - WARNING - Allowed origins: ['http://localhost(:\\d+)?', 'http://192\\.168\\.0\\.105(:\\d+)?', 'https://dingdoorapp\\.com', 'https://knock24-inc\\.web\\.app', 'https://knock24-inc\\.firebaseapp\\.com', '']
2024-10-31 11:57:36,103 - app.logger - INFO - development environment initialized
2024-10-31 12:01:03,880 - app.logger - INFO - *Development* environment detected, enabling CORS for specific domains.
2024-10-31 12:01:03,880 - app.logger - WARNING - Allowed origins: ['http://localhost(:\\d+)?', 'http://192\\.168\\.0\\.105(:\\d+)?', 'https://dingdoorapp\\.com', 'https://knock24-inc\\.web\\.app', 'https://knock24-inc\\.firebaseapp\\.com', '']
2024-10-31 12:01:03,880 - app.logger - INFO - development environment initialized
2024-10-31 12:01:07,388 - app.logger - INFO - *Development* environment detected, enabling CORS for specific domains.
2024-10-31 12:01:07,388 - app.logger - WARNING - Allowed origins: ['http://localhost(:\\d+)?', 'http://192\\.168\\.0\\.105(:\\d+)?', 'https://dingdoorapp\\.com', 'https://knock24-inc\\.web\\.app', 'https://knock24-inc\\.firebaseapp\\.com', '']
2024-10-31 12:01:07,388 - app.logger - INFO - development environment initialized
2024-10-31 12:05:37,894 - app.logger - INFO - *Development* environment detected, enabling CORS for specific domains.
2024-10-31 12:05:37,894 - app.logger - WARNING - Allowed origins: ['http://localhost(:\\d+)?', 'http://192\\.168\\.0\\.105(:\\d+)?', 'https://dingdoorapp\\.com', 'https://knock24-inc\\.web\\.app', 'https://knock24-inc\\.firebaseapp\\.com', '']
2024-10-31 12:05:37,894 - app.logger - INFO - development environment initialized
2024-10-31 12:05:41,307 - app.logger - INFO - *Development* environment detected, enabling CORS for specific domains.
2024-10-31 12:05:41,307 - app.logger - WARNING - Allowed origins: ['http://localhost(:\\d+)?', 'http://192\\.168\\.0\\.105(:\\d+)?', 'https://dingdoorapp\\.com', 'https://knock24-inc\\.web\\.app', 'https://knock24-inc\\.firebaseapp\\.com', '']
2024-10-31 12:05:41,307 - app.logger - INFO - development environment initialized
2024-10-31 12:06:01,350 - app.logger - INFO - *Development* environment detected, enabling CORS for specific domains.
2024-10-31 12:06:01,350 - app.logger - WARNING - Allowed origins: ['http://localhost(:\\d+)?', 'http://192\\.168\\.0\\.105(:\\d+)?', 'https://dingdoorapp\\.com', 'https://knock24-inc\\.web\\.app', 'https://knock24-inc\\.firebaseapp\\.com', '']
2024-10-31 12:06:01,350 - app.logger - INFO - development environment initialized
2024-10-31 12:06:34,638 - app.logger - INFO - *Development* environment detected, enabling CORS for specific domains.
2024-10-31 12:06:34,638 - app.logger - WARNING - Allowed origins: ['http://localhost(:\\d+)?', 'http://192\\.168\\.0\\.105(:\\d+)?', 'https://dingdoorapp\\.com', 'https://knock24-inc\\.web\\.app', 'https://knock24-inc\\.firebaseapp\\.com', '']
2024-10-31 12:06:34,638 - app.logger - INFO - development environment initialized
2024-10-31 12:07:11,848 - app.logger - INFO - *Development* environment detected, enabling CORS for specific domains.
2024-10-31 12:07:11,849 - app.logger - WARNING - Allowed origins: ['http://localhost(:\\d+)?', 'http://192\\.168\\.0\\.105(:\\d+)?', 'https://dingdoorapp\\.com', 'https://knock24-inc\\.web\\.app', 'https://knock24-inc\\.firebaseapp\\.com', '']
2024-10-31 12:07:11,849 - app.logger - INFO - development environment initialized
2024-10-31 12:09:59,787 - app.logger - INFO - *Development* environment detected, enabling CORS for specific domains.
2024-10-31 12:09:59,788 - app.logger - WARNING - Allowed origins: ['http://localhost(:\\d+)?', 'http://192\\.168\\.0\\.105(:\\d+)?', 'https://dingdoorapp\\.com', 'https://knock24-inc\\.web\\.app', 'https://knock24-inc\\.firebaseapp\\.com', '']
2024-10-31 12:09:59,788 - app.logger - INFO - development environment initialized
2024-10-31 12:10:24,014 - app.logger - INFO - *Development* environment detected, enabling CORS for specific domains.
2024-10-31 12:10:24,014 - app.logger - WARNING - Allowed origins: ['http://localhost(:\\d+)?', 'http://192\\.168\\.0\\.105(:\\d+)?', 'https://dingdoorapp\\.com', 'https://knock24-inc\\.web\\.app', 'https://knock24-inc\\.firebaseapp\\.com', '']
2024-10-31 12:10:24,014 - app.logger - INFO - development environment initialized
2024-10-31 12:10:49,456 - app.logger - INFO - Loading squat model...
2024-10-31 12:10:50,427 - app.logger - INFO - *Development* environment detected, enabling CORS for specific domains.
2024-10-31 12:10:50,427 - app.logger - WARNING - Allowed origins: ['http://localhost(:\\d+)?', 'http://192\\.168\\.0\\.105(:\\d+)?', 'https://dingdoorapp\\.com', 'https://knock24-inc\\.web\\.app', 'https://knock24-inc\\.firebaseapp\\.com', '']
2024-10-31 12:10:50,427 - app.logger - INFO - development environment initialized
2024-10-31 12:12:23,333 - app.logger - INFO - Squat score: 0.9754059910774231
